[debug] [2019-11-03T13:52:41.724Z] ----------------------------------------------------------------------
[debug] [2019-11-03T13:52:41.727Z] Command:       /usr/local/Cellar/node/12.11.1/bin/node /usr/local/bin/firebase deploy --only functions
[debug] [2019-11-03T13:52:41.727Z] CLI Version:   7.6.2
[debug] [2019-11-03T13:52:41.727Z] Platform:      darwin
[debug] [2019-11-03T13:52:41.727Z] Node Version:  v12.11.1
[debug] [2019-11-03T13:52:41.728Z] Time:          Sun Nov 03 2019 11:52:41 GMT-0200 (Brasilia Summer Time)
[debug] [2019-11-03T13:52:41.729Z] ----------------------------------------------------------------------
[debug] [2019-11-03T13:52:41.729Z] 
[debug] [2019-11-03T13:52:41.740Z] > command requires scopes: ["email","openid","https://www.googleapis.com/auth/cloudplatformprojects.readonly","https://www.googleapis.com/auth/firebase","https://www.googleapis.com/auth/cloud-platform"]
[debug] [2019-11-03T13:52:41.741Z] > authorizing via signed-in user
[debug] [2019-11-03T13:52:41.741Z] [iam] checking project appsanep-dc9e9 for permissions ["cloudfunctions.functions.create","cloudfunctions.functions.delete","cloudfunctions.functions.get","cloudfunctions.functions.list","cloudfunctions.functions.update","cloudfunctions.operations.get","firebase.projects.get"]
[debug] [2019-11-03T13:52:41.743Z] >>> HTTP REQUEST POST https://cloudresourcemanager.googleapis.com/v1/projects/appsanep-dc9e9:testIamPermissions  

[debug] [2019-11-03T13:52:42.823Z] <<< HTTP RESPONSE 200
[info] 
[info] === Deploying to 'appsanep-dc9e9'...
[info] 
[info] i  deploying functions
[info] Running command: npm --prefix "$RESOURCE_DIR" run lint
[info] Running command: npm --prefix "$RESOURCE_DIR" run build
[info] Running command: npm --prefix functions run build
[info] ✔  functions: Finished running predeploy script.
[debug] [2019-11-03T13:53:05.101Z] > [functions] package.json contents: {
  "name": "functions",
  "scripts": {
    "lint": "./node_modules/.bin/tslint -p tslint.json && ./node_modules/.bin/tsc",
    "build": "tsc",
    "serve": "npm run build && firebase serve --only functions",
    "shell": "npm run build && firebase functions:shell",
    "start": "npm run shell",
    "deploy": "firebase deploy --only functions",
    "logs": "firebase functions:log"
  },
  "engines": {
    "node": "8"
  },
  "main": "lib/index.js",
  "dependencies": {
    "firebase-admin": "^8.6.0",
    "firebase-functions": "^3.3.0",
    "nodemailer": "^6.3.1"
  },
  "devDependencies": {
    "tslint": "^5.12.0",
    "typescript": "^3.2.2",
    "firebase-functions-test": "^0.1.6"
  },
  "private": true
}
[info] i  functions: ensuring necessary APIs are enabled...
[debug] [2019-11-03T13:53:05.103Z] >>> HTTP REQUEST GET https://serviceusage.googleapis.com/v1/projects/appsanep-dc9e9/services/cloudfunctions.googleapis.com  
 
[debug] [2019-11-03T13:53:05.105Z] >>> HTTP REQUEST GET https://serviceusage.googleapis.com/v1/projects/appsanep-dc9e9/services/runtimeconfig.googleapis.com  
 
[debug] [2019-11-03T13:53:06.212Z] <<< HTTP RESPONSE 200
[debug] [2019-11-03T13:53:06.223Z] <<< HTTP RESPONSE 200
[info] ✔  functions: all necessary APIs are enabled
[debug] [2019-11-03T13:53:06.225Z] >>> HTTP REQUEST GET https://firebase.googleapis.com/v1beta1/projects/appsanep-dc9e9/adminSdkConfig  
 
[debug] [2019-11-03T13:53:07.463Z] <<< HTTP RESPONSE 200
[info] i  functions: preparing functions directory for uploading...
[debug] [2019-11-03T13:53:07.469Z] >>> HTTP REQUEST GET https://runtimeconfig.googleapis.com/v1beta1/projects/appsanep-dc9e9/configs  
 
[debug] [2019-11-03T13:53:07.992Z] <<< HTTP RESPONSE 200
[info] i  functions: packaged functions (34.99 KB) for uploading
[debug] [2019-11-03T13:53:08.243Z] >>> HTTP REQUEST POST https://cloudfunctions.googleapis.com/v1/projects/appsanep-dc9e9/locations/us-central1/functions:generateUploadUrl  
 
[debug] [2019-11-03T13:53:10.085Z] <<< HTTP RESPONSE 200
[debug] [2019-11-03T13:53:10.087Z] >>> HTTP REQUEST PUT https://storage.googleapis.com/gcf-upload-us-central1-7df5cc54-c490-4f1b-be1a-11c2aaedc390/b6fcb984-f0a7-4869-9a18-a67d2d198c60.zip?GoogleAccessId=service-229970991163@gcf-admin-robot.iam.gserviceaccount.com&Expires=1572790989&Signature=3AWvOVBoKhEbeQPXDC%2FZPeDLYOmetlqEmgpEFpuzKkOpHt%2B3ftvlMRvbPR%2BctOyNJA1tnQoMBo0OA84JIpiOZPrXEObaBLm6p6fWgwnu5MpG9%2FVg4wLbeS44%2FicdVYgJSXcatEt%2BbO%2Ftwk6TBCPcDXDINDVONuuFOetqBT08xBY9sFnvy6nsy2rOIVVraEZG3DR%2BPWl1nQ9VtdwHUHrISy%2FxpM1UcBFgoEeZrsfzhPI1d730ADocW93feEmDvGkZf8OSCTyP4E6PWMDQUR%2BU8fGXbooxnTd8WpW3u7WV%2BOoONDU9WDYziKhbQsYIhhBvQMkgNku9EO%2FTVfVxWPrAbA%3D%3D  
 <request body omitted>
[debug] [2019-11-03T13:53:10.514Z] <<< HTTP RESPONSE 200
[info] ✔  functions: functions folder uploaded successfully
[debug] [2019-11-03T13:53:10.518Z] >>> HTTP REQUEST GET https://cloudfunctions.googleapis.com/v1/projects/appsanep-dc9e9/locations/-/functions  
 
[debug] [2019-11-03T13:53:11.984Z] <<< HTTP RESPONSE 200
[info] i  functions: updating Node.js 8 function sendWelcomeEmail(us-central1)...
[debug] [2019-11-03T13:53:11.988Z] Trigger is:  {"eventTrigger":{"resource":"projects/appsanep-dc9e9","eventType":"providers/firebase.auth/eventTypes/user.create","service":"firebaseauth.googleapis.com"}}
[info] i  functions: updating Node.js 8 function createTeamMember(us-central1)...
[debug] [2019-11-03T13:53:11.989Z] Trigger is:  {"eventTrigger":{"resource":"projects/appsanep-dc9e9/databases/(default)/documents/users/{userId}","eventType":"providers/cloud.firestore/eventTypes/document.create","service":"firestore.googleapis.com"}}
[debug] [2019-11-03T13:53:11.990Z] >>> HTTP REQUEST GET https://serviceusage.googleapis.com/v1/projects/appsanep-dc9e9/services/cloudscheduler.googleapis.com  
 
[debug] [2019-11-03T13:53:12.990Z] <<< HTTP RESPONSE 200
[debug] [2019-11-03T13:53:12.994Z] >>> HTTP REQUEST PATCH https://cloudfunctions.googleapis.com/v1/projects/appsanep-dc9e9/locations/us-central1/functions/sendWelcomeEmail {"updateMask":"sourceUploadUrl,name,labels,runtime,eventTrigger.resource,eventTrigger.eventType,eventTrigger.service"} 

[debug] [2019-11-03T13:53:12.997Z] >>> HTTP REQUEST PATCH https://cloudfunctions.googleapis.com/v1/projects/appsanep-dc9e9/locations/us-central1/functions/createTeamMember {"updateMask":"sourceUploadUrl,name,labels,runtime,eventTrigger.resource,eventTrigger.eventType,eventTrigger.service"} 

[debug] [2019-11-03T13:53:14.622Z] <<< HTTP RESPONSE 200
[debug] [2019-11-03T13:53:14.625Z] <<< HTTP RESPONSE 200
[debug] [2019-11-03T13:53:14.627Z] >>> HTTP REQUEST GET https://cloudfunctions.googleapis.com/v1/operations/YXBwc2FuZXAtZGM5ZTkvdXMtY2VudHJhbDEvc2VuZFdlbGNvbWVFbWFpbC94Y3VKSHpJZzZySQ  
 
[debug] [2019-11-03T13:53:14.628Z] >>> HTTP REQUEST GET https://cloudfunctions.googleapis.com/v1/operations/YXBwc2FuZXAtZGM5ZTkvdXMtY2VudHJhbDEvY3JlYXRlVGVhbU1lbWJlci9UMkp4dXBBM0VMdw  
 
[debug] [2019-11-03T13:53:15.822Z] <<< HTTP RESPONSE 200
[debug] [2019-11-03T13:53:15.835Z] <<< HTTP RESPONSE 200
[debug] [2019-11-03T13:53:17.826Z] >>> HTTP REQUEST GET https://cloudfunctions.googleapis.com/v1/operations/YXBwc2FuZXAtZGM5ZTkvdXMtY2VudHJhbDEvY3JlYXRlVGVhbU1lbWJlci9UMkp4dXBBM0VMdw  
 
[debug] [2019-11-03T13:53:17.837Z] >>> HTTP REQUEST GET https://cloudfunctions.googleapis.com/v1/operations/YXBwc2FuZXAtZGM5ZTkvdXMtY2VudHJhbDEvc2VuZFdlbGNvbWVFbWFpbC94Y3VKSHpJZzZySQ  
 
[debug] [2019-11-03T13:53:18.979Z] <<< HTTP RESPONSE 200
[debug] [2019-11-03T13:53:18.982Z] <<< HTTP RESPONSE 200
[debug] [2019-11-03T13:53:20.982Z] >>> HTTP REQUEST GET https://cloudfunctions.googleapis.com/v1/operations/YXBwc2FuZXAtZGM5ZTkvdXMtY2VudHJhbDEvc2VuZFdlbGNvbWVFbWFpbC94Y3VKSHpJZzZySQ  
 
[debug] [2019-11-03T13:53:20.986Z] >>> HTTP REQUEST GET https://cloudfunctions.googleapis.com/v1/operations/YXBwc2FuZXAtZGM5ZTkvdXMtY2VudHJhbDEvY3JlYXRlVGVhbU1lbWJlci9UMkp4dXBBM0VMdw  
 
[debug] [2019-11-03T13:53:21.275Z] <<< HTTP RESPONSE 200
[debug] [2019-11-03T13:53:22.136Z] <<< HTTP RESPONSE 200
[debug] [2019-11-03T13:53:23.276Z] >>> HTTP REQUEST GET https://cloudfunctions.googleapis.com/v1/operations/YXBwc2FuZXAtZGM5ZTkvdXMtY2VudHJhbDEvY3JlYXRlVGVhbU1lbWJlci9UMkp4dXBBM0VMdw  
 
[debug] [2019-11-03T13:53:24.141Z] >>> HTTP REQUEST GET https://cloudfunctions.googleapis.com/v1/operations/YXBwc2FuZXAtZGM5ZTkvdXMtY2VudHJhbDEvc2VuZFdlbGNvbWVFbWFpbC94Y3VKSHpJZzZySQ  
 
[debug] [2019-11-03T13:53:24.530Z] <<< HTTP RESPONSE 200
[debug] [2019-11-03T13:53:25.276Z] <<< HTTP RESPONSE 200
[debug] [2019-11-03T13:53:26.532Z] >>> HTTP REQUEST GET https://cloudfunctions.googleapis.com/v1/operations/YXBwc2FuZXAtZGM5ZTkvdXMtY2VudHJhbDEvY3JlYXRlVGVhbU1lbWJlci9UMkp4dXBBM0VMdw  
 
[debug] [2019-11-03T13:53:27.281Z] >>> HTTP REQUEST GET https://cloudfunctions.googleapis.com/v1/operations/YXBwc2FuZXAtZGM5ZTkvdXMtY2VudHJhbDEvc2VuZFdlbGNvbWVFbWFpbC94Y3VKSHpJZzZySQ  
 
[debug] [2019-11-03T13:53:28.219Z] <<< HTTP RESPONSE 200
[debug] [2019-11-03T13:53:28.596Z] <<< HTTP RESPONSE 200
[debug] [2019-11-03T13:53:30.226Z] >>> HTTP REQUEST GET https://cloudfunctions.googleapis.com/v1/operations/YXBwc2FuZXAtZGM5ZTkvdXMtY2VudHJhbDEvY3JlYXRlVGVhbU1lbWJlci9UMkp4dXBBM0VMdw  
 
[debug] [2019-11-03T13:53:30.601Z] >>> HTTP REQUEST GET https://cloudfunctions.googleapis.com/v1/operations/YXBwc2FuZXAtZGM5ZTkvdXMtY2VudHJhbDEvc2VuZFdlbGNvbWVFbWFpbC94Y3VKSHpJZzZySQ  
 
[debug] [2019-11-03T13:53:31.383Z] <<< HTTP RESPONSE 200
[debug] [2019-11-03T13:53:31.760Z] <<< HTTP RESPONSE 200
[debug] [2019-11-03T13:53:33.388Z] >>> HTTP REQUEST GET https://cloudfunctions.googleapis.com/v1/operations/YXBwc2FuZXAtZGM5ZTkvdXMtY2VudHJhbDEvY3JlYXRlVGVhbU1lbWJlci9UMkp4dXBBM0VMdw  
 
[debug] [2019-11-03T13:53:33.766Z] >>> HTTP REQUEST GET https://cloudfunctions.googleapis.com/v1/operations/YXBwc2FuZXAtZGM5ZTkvdXMtY2VudHJhbDEvc2VuZFdlbGNvbWVFbWFpbC94Y3VKSHpJZzZySQ  
 
[debug] [2019-11-03T13:53:34.614Z] <<< HTTP RESPONSE 200
[debug] [2019-11-03T13:53:34.883Z] <<< HTTP RESPONSE 200
[debug] [2019-11-03T13:53:36.617Z] >>> HTTP REQUEST GET https://cloudfunctions.googleapis.com/v1/operations/YXBwc2FuZXAtZGM5ZTkvdXMtY2VudHJhbDEvY3JlYXRlVGVhbU1lbWJlci9UMkp4dXBBM0VMdw  
 
[debug] [2019-11-03T13:53:36.888Z] >>> HTTP REQUEST GET https://cloudfunctions.googleapis.com/v1/operations/YXBwc2FuZXAtZGM5ZTkvdXMtY2VudHJhbDEvc2VuZFdlbGNvbWVFbWFpbC94Y3VKSHpJZzZySQ  
 
[debug] [2019-11-03T13:53:37.850Z] <<< HTTP RESPONSE 200
[debug] [2019-11-03T13:53:38.061Z] <<< HTTP RESPONSE 200
[debug] [2019-11-03T13:53:39.855Z] >>> HTTP REQUEST GET https://cloudfunctions.googleapis.com/v1/operations/YXBwc2FuZXAtZGM5ZTkvdXMtY2VudHJhbDEvY3JlYXRlVGVhbU1lbWJlci9UMkp4dXBBM0VMdw  
 
[debug] [2019-11-03T13:53:40.066Z] >>> HTTP REQUEST GET https://cloudfunctions.googleapis.com/v1/operations/YXBwc2FuZXAtZGM5ZTkvdXMtY2VudHJhbDEvc2VuZFdlbGNvbWVFbWFpbC94Y3VKSHpJZzZySQ  
 
[debug] [2019-11-03T13:53:40.984Z] <<< HTTP RESPONSE 200
[debug] [2019-11-03T13:53:41.218Z] <<< HTTP RESPONSE 200
[debug] [2019-11-03T13:53:42.989Z] >>> HTTP REQUEST GET https://cloudfunctions.googleapis.com/v1/operations/YXBwc2FuZXAtZGM5ZTkvdXMtY2VudHJhbDEvY3JlYXRlVGVhbU1lbWJlci9UMkp4dXBBM0VMdw  
 
[debug] [2019-11-03T13:53:43.220Z] >>> HTTP REQUEST GET https://cloudfunctions.googleapis.com/v1/operations/YXBwc2FuZXAtZGM5ZTkvdXMtY2VudHJhbDEvc2VuZFdlbGNvbWVFbWFpbC94Y3VKSHpJZzZySQ  
 
[debug] [2019-11-03T13:53:43.517Z] <<< HTTP RESPONSE 200
[debug] [2019-11-03T13:53:44.149Z] <<< HTTP RESPONSE 200
[debug] [2019-11-03T13:53:45.518Z] >>> HTTP REQUEST GET https://cloudfunctions.googleapis.com/v1/operations/YXBwc2FuZXAtZGM5ZTkvdXMtY2VudHJhbDEvc2VuZFdlbGNvbWVFbWFpbC94Y3VKSHpJZzZySQ  
 
[debug] [2019-11-03T13:53:46.150Z] >>> HTTP REQUEST GET https://cloudfunctions.googleapis.com/v1/operations/YXBwc2FuZXAtZGM5ZTkvdXMtY2VudHJhbDEvY3JlYXRlVGVhbU1lbWJlci9UMkp4dXBBM0VMdw  
 
[debug] [2019-11-03T13:53:46.666Z] <<< HTTP RESPONSE 200
[debug] [2019-11-03T13:53:47.312Z] <<< HTTP RESPONSE 200
[info] ✔  functions[createTeamMember(us-central1)]: Successful update operation. 
[debug] [2019-11-03T13:53:48.672Z] >>> HTTP REQUEST GET https://cloudfunctions.googleapis.com/v1/operations/YXBwc2FuZXAtZGM5ZTkvdXMtY2VudHJhbDEvc2VuZFdlbGNvbWVFbWFpbC94Y3VKSHpJZzZySQ  
 
[debug] [2019-11-03T13:53:49.821Z] <<< HTTP RESPONSE 200
[debug] [2019-11-03T13:53:51.822Z] >>> HTTP REQUEST GET https://cloudfunctions.googleapis.com/v1/operations/YXBwc2FuZXAtZGM5ZTkvdXMtY2VudHJhbDEvc2VuZFdlbGNvbWVFbWFpbC94Y3VKSHpJZzZySQ  
 
[debug] [2019-11-03T13:53:53.058Z] <<< HTTP RESPONSE 200
[debug] [2019-11-03T13:53:55.059Z] >>> HTTP REQUEST GET https://cloudfunctions.googleapis.com/v1/operations/YXBwc2FuZXAtZGM5ZTkvdXMtY2VudHJhbDEvc2VuZFdlbGNvbWVFbWFpbC94Y3VKSHpJZzZySQ  
 
[debug] [2019-11-03T13:53:56.189Z] <<< HTTP RESPONSE 200
[debug] [2019-11-03T13:53:58.194Z] >>> HTTP REQUEST GET https://cloudfunctions.googleapis.com/v1/operations/YXBwc2FuZXAtZGM5ZTkvdXMtY2VudHJhbDEvc2VuZFdlbGNvbWVFbWFpbC94Y3VKSHpJZzZySQ  
 
[debug] [2019-11-03T13:53:59.374Z] <<< HTTP RESPONSE 200
[debug] [2019-11-03T13:54:01.380Z] >>> HTTP REQUEST GET https://cloudfunctions.googleapis.com/v1/operations/YXBwc2FuZXAtZGM5ZTkvdXMtY2VudHJhbDEvc2VuZFdlbGNvbWVFbWFpbC94Y3VKSHpJZzZySQ  
 
[debug] [2019-11-03T13:54:02.513Z] <<< HTTP RESPONSE 200
[debug] [2019-11-03T13:54:04.519Z] >>> HTTP REQUEST GET https://cloudfunctions.googleapis.com/v1/operations/YXBwc2FuZXAtZGM5ZTkvdXMtY2VudHJhbDEvc2VuZFdlbGNvbWVFbWFpbC94Y3VKSHpJZzZySQ  
 
[debug] [2019-11-03T13:54:05.676Z] <<< HTTP RESPONSE 200
[debug] [2019-11-03T13:54:07.678Z] >>> HTTP REQUEST GET https://cloudfunctions.googleapis.com/v1/operations/YXBwc2FuZXAtZGM5ZTkvdXMtY2VudHJhbDEvc2VuZFdlbGNvbWVFbWFpbC94Y3VKSHpJZzZySQ  
 
[debug] [2019-11-03T13:54:08.865Z] <<< HTTP RESPONSE 200
[debug] [2019-11-03T13:54:10.868Z] >>> HTTP REQUEST GET https://cloudfunctions.googleapis.com/v1/operations/YXBwc2FuZXAtZGM5ZTkvdXMtY2VudHJhbDEvc2VuZFdlbGNvbWVFbWFpbC94Y3VKSHpJZzZySQ  
 
[debug] [2019-11-03T13:54:12.023Z] <<< HTTP RESPONSE 200
[debug] [2019-11-03T13:54:14.025Z] >>> HTTP REQUEST GET https://cloudfunctions.googleapis.com/v1/operations/YXBwc2FuZXAtZGM5ZTkvdXMtY2VudHJhbDEvc2VuZFdlbGNvbWVFbWFpbC94Y3VKSHpJZzZySQ  
 
[debug] [2019-11-03T13:54:15.212Z] <<< HTTP RESPONSE 200
[debug] [2019-11-03T13:54:17.218Z] >>> HTTP REQUEST GET https://cloudfunctions.googleapis.com/v1/operations/YXBwc2FuZXAtZGM5ZTkvdXMtY2VudHJhbDEvc2VuZFdlbGNvbWVFbWFpbC94Y3VKSHpJZzZySQ  
 
[debug] [2019-11-03T13:54:18.339Z] <<< HTTP RESPONSE 200
[debug] [2019-11-03T13:54:20.340Z] >>> HTTP REQUEST GET https://cloudfunctions.googleapis.com/v1/operations/YXBwc2FuZXAtZGM5ZTkvdXMtY2VudHJhbDEvc2VuZFdlbGNvbWVFbWFpbC94Y3VKSHpJZzZySQ  
 
[debug] [2019-11-03T13:54:21.479Z] <<< HTTP RESPONSE 200
[debug] [2019-11-03T13:54:23.481Z] >>> HTTP REQUEST GET https://cloudfunctions.googleapis.com/v1/operations/YXBwc2FuZXAtZGM5ZTkvdXMtY2VudHJhbDEvc2VuZFdlbGNvbWVFbWFpbC94Y3VKSHpJZzZySQ  
 
[debug] [2019-11-03T13:54:24.625Z] <<< HTTP RESPONSE 200
[debug] [2019-11-03T13:54:26.630Z] >>> HTTP REQUEST GET https://cloudfunctions.googleapis.com/v1/operations/YXBwc2FuZXAtZGM5ZTkvdXMtY2VudHJhbDEvc2VuZFdlbGNvbWVFbWFpbC94Y3VKSHpJZzZySQ  
 
[debug] [2019-11-03T13:54:27.040Z] <<< HTTP RESPONSE 200
[debug] [2019-11-03T13:54:29.042Z] >>> HTTP REQUEST GET https://cloudfunctions.googleapis.com/v1/operations/YXBwc2FuZXAtZGM5ZTkvdXMtY2VudHJhbDEvc2VuZFdlbGNvbWVFbWFpbC94Y3VKSHpJZzZySQ  
 
[debug] [2019-11-03T13:54:30.202Z] <<< HTTP RESPONSE 200
[debug] [2019-11-03T13:54:32.203Z] >>> HTTP REQUEST GET https://cloudfunctions.googleapis.com/v1/operations/YXBwc2FuZXAtZGM5ZTkvdXMtY2VudHJhbDEvc2VuZFdlbGNvbWVFbWFpbC94Y3VKSHpJZzZySQ  
 
[debug] [2019-11-03T13:54:33.348Z] <<< HTTP RESPONSE 200
[debug] [2019-11-03T13:54:35.350Z] >>> HTTP REQUEST GET https://cloudfunctions.googleapis.com/v1/operations/YXBwc2FuZXAtZGM5ZTkvdXMtY2VudHJhbDEvc2VuZFdlbGNvbWVFbWFpbC94Y3VKSHpJZzZySQ  
 
[debug] [2019-11-03T13:54:36.503Z] <<< HTTP RESPONSE 200
[debug] [2019-11-03T13:54:38.506Z] >>> HTTP REQUEST GET https://cloudfunctions.googleapis.com/v1/operations/YXBwc2FuZXAtZGM5ZTkvdXMtY2VudHJhbDEvc2VuZFdlbGNvbWVFbWFpbC94Y3VKSHpJZzZySQ  
 
[debug] [2019-11-03T13:54:39.649Z] <<< HTTP RESPONSE 200
[debug] [2019-11-03T13:54:41.651Z] >>> HTTP REQUEST GET https://cloudfunctions.googleapis.com/v1/operations/YXBwc2FuZXAtZGM5ZTkvdXMtY2VudHJhbDEvc2VuZFdlbGNvbWVFbWFpbC94Y3VKSHpJZzZySQ  
 
[debug] [2019-11-03T13:54:42.787Z] <<< HTTP RESPONSE 200
[debug] [2019-11-03T13:54:44.789Z] >>> HTTP REQUEST GET https://cloudfunctions.googleapis.com/v1/operations/YXBwc2FuZXAtZGM5ZTkvdXMtY2VudHJhbDEvc2VuZFdlbGNvbWVFbWFpbC94Y3VKSHpJZzZySQ  
 
[debug] [2019-11-03T13:54:45.945Z] <<< HTTP RESPONSE 200
[debug] [2019-11-03T13:54:47.947Z] >>> HTTP REQUEST GET https://cloudfunctions.googleapis.com/v1/operations/YXBwc2FuZXAtZGM5ZTkvdXMtY2VudHJhbDEvc2VuZFdlbGNvbWVFbWFpbC94Y3VKSHpJZzZySQ  
 
[debug] [2019-11-03T13:54:49.074Z] <<< HTTP RESPONSE 200
[debug] [2019-11-03T13:54:51.080Z] >>> HTTP REQUEST GET https://cloudfunctions.googleapis.com/v1/operations/YXBwc2FuZXAtZGM5ZTkvdXMtY2VudHJhbDEvc2VuZFdlbGNvbWVFbWFpbC94Y3VKSHpJZzZySQ  
 
[debug] [2019-11-03T13:54:52.229Z] <<< HTTP RESPONSE 200
[debug] [2019-11-03T13:54:54.235Z] >>> HTTP REQUEST GET https://cloudfunctions.googleapis.com/v1/operations/YXBwc2FuZXAtZGM5ZTkvdXMtY2VudHJhbDEvc2VuZFdlbGNvbWVFbWFpbC94Y3VKSHpJZzZySQ  
 
[debug] [2019-11-03T13:54:55.370Z] <<< HTTP RESPONSE 200
[debug] [2019-11-03T13:54:57.375Z] >>> HTTP REQUEST GET https://cloudfunctions.googleapis.com/v1/operations/YXBwc2FuZXAtZGM5ZTkvdXMtY2VudHJhbDEvc2VuZFdlbGNvbWVFbWFpbC94Y3VKSHpJZzZySQ  
 
[debug] [2019-11-03T13:54:58.528Z] <<< HTTP RESPONSE 200
[debug] [2019-11-03T13:55:00.530Z] >>> HTTP REQUEST GET https://cloudfunctions.googleapis.com/v1/operations/YXBwc2FuZXAtZGM5ZTkvdXMtY2VudHJhbDEvc2VuZFdlbGNvbWVFbWFpbC94Y3VKSHpJZzZySQ  
 
[debug] [2019-11-03T13:55:01.641Z] <<< HTTP RESPONSE 200
[debug] [2019-11-03T13:55:03.641Z] >>> HTTP REQUEST GET https://cloudfunctions.googleapis.com/v1/operations/YXBwc2FuZXAtZGM5ZTkvdXMtY2VudHJhbDEvc2VuZFdlbGNvbWVFbWFpbC94Y3VKSHpJZzZySQ  
 
[debug] [2019-11-03T13:55:04.784Z] <<< HTTP RESPONSE 200
[debug] [2019-11-03T13:55:06.788Z] >>> HTTP REQUEST GET https://cloudfunctions.googleapis.com/v1/operations/YXBwc2FuZXAtZGM5ZTkvdXMtY2VudHJhbDEvc2VuZFdlbGNvbWVFbWFpbC94Y3VKSHpJZzZySQ  
 
[debug] [2019-11-03T13:55:07.963Z] <<< HTTP RESPONSE 200
[debug] [2019-11-03T13:55:09.966Z] >>> HTTP REQUEST GET https://cloudfunctions.googleapis.com/v1/operations/YXBwc2FuZXAtZGM5ZTkvdXMtY2VudHJhbDEvc2VuZFdlbGNvbWVFbWFpbC94Y3VKSHpJZzZySQ  
 
[debug] [2019-11-03T13:55:11.102Z] <<< HTTP RESPONSE 200
[debug] [2019-11-03T13:55:13.104Z] >>> HTTP REQUEST GET https://cloudfunctions.googleapis.com/v1/operations/YXBwc2FuZXAtZGM5ZTkvdXMtY2VudHJhbDEvc2VuZFdlbGNvbWVFbWFpbC94Y3VKSHpJZzZySQ  
 
[debug] [2019-11-03T13:55:14.289Z] <<< HTTP RESPONSE 200
[debug] [2019-11-03T13:55:16.295Z] >>> HTTP REQUEST GET https://cloudfunctions.googleapis.com/v1/operations/YXBwc2FuZXAtZGM5ZTkvdXMtY2VudHJhbDEvc2VuZFdlbGNvbWVFbWFpbC94Y3VKSHpJZzZySQ  
 
[debug] [2019-11-03T13:55:17.418Z] <<< HTTP RESPONSE 200
[debug] [2019-11-03T13:55:19.419Z] >>> HTTP REQUEST GET https://cloudfunctions.googleapis.com/v1/operations/YXBwc2FuZXAtZGM5ZTkvdXMtY2VudHJhbDEvc2VuZFdlbGNvbWVFbWFpbC94Y3VKSHpJZzZySQ  
 
[debug] [2019-11-03T13:55:21.306Z] <<< HTTP RESPONSE 200
[debug] [2019-11-03T13:55:23.307Z] >>> HTTP REQUEST GET https://cloudfunctions.googleapis.com/v1/operations/YXBwc2FuZXAtZGM5ZTkvdXMtY2VudHJhbDEvc2VuZFdlbGNvbWVFbWFpbC94Y3VKSHpJZzZySQ  
 
[debug] [2019-11-03T13:55:24.463Z] <<< HTTP RESPONSE 200
[debug] [2019-11-03T13:55:26.463Z] >>> HTTP REQUEST GET https://cloudfunctions.googleapis.com/v1/operations/YXBwc2FuZXAtZGM5ZTkvdXMtY2VudHJhbDEvc2VuZFdlbGNvbWVFbWFpbC94Y3VKSHpJZzZySQ  
 
[debug] [2019-11-03T13:55:27.636Z] <<< HTTP RESPONSE 200
[debug] [2019-11-03T13:55:29.637Z] >>> HTTP REQUEST GET https://cloudfunctions.googleapis.com/v1/operations/YXBwc2FuZXAtZGM5ZTkvdXMtY2VudHJhbDEvc2VuZFdlbGNvbWVFbWFpbC94Y3VKSHpJZzZySQ  
 
[debug] [2019-11-03T13:55:30.076Z] <<< HTTP RESPONSE 200
[debug] [2019-11-03T13:55:32.082Z] >>> HTTP REQUEST GET https://cloudfunctions.googleapis.com/v1/operations/YXBwc2FuZXAtZGM5ZTkvdXMtY2VudHJhbDEvc2VuZFdlbGNvbWVFbWFpbC94Y3VKSHpJZzZySQ  
 
[debug] [2019-11-03T13:55:33.288Z] <<< HTTP RESPONSE 200
[debug] [2019-11-03T13:55:35.289Z] >>> HTTP REQUEST GET https://cloudfunctions.googleapis.com/v1/operations/YXBwc2FuZXAtZGM5ZTkvdXMtY2VudHJhbDEvc2VuZFdlbGNvbWVFbWFpbC94Y3VKSHpJZzZySQ  
 
[debug] [2019-11-03T13:55:36.452Z] <<< HTTP RESPONSE 200
[debug] [2019-11-03T13:55:38.454Z] >>> HTTP REQUEST GET https://cloudfunctions.googleapis.com/v1/operations/YXBwc2FuZXAtZGM5ZTkvdXMtY2VudHJhbDEvc2VuZFdlbGNvbWVFbWFpbC94Y3VKSHpJZzZySQ  
 
[debug] [2019-11-03T13:55:39.616Z] <<< HTTP RESPONSE 200
[debug] [2019-11-03T13:55:41.619Z] >>> HTTP REQUEST GET https://cloudfunctions.googleapis.com/v1/operations/YXBwc2FuZXAtZGM5ZTkvdXMtY2VudHJhbDEvc2VuZFdlbGNvbWVFbWFpbC94Y3VKSHpJZzZySQ  
 
[debug] [2019-11-03T13:55:42.884Z] <<< HTTP RESPONSE 200
[debug] [2019-11-03T13:55:44.884Z] >>> HTTP REQUEST GET https://cloudfunctions.googleapis.com/v1/operations/YXBwc2FuZXAtZGM5ZTkvdXMtY2VudHJhbDEvc2VuZFdlbGNvbWVFbWFpbC94Y3VKSHpJZzZySQ  
 
[debug] [2019-11-03T13:55:46.054Z] <<< HTTP RESPONSE 200
[debug] [2019-11-03T13:55:48.059Z] >>> HTTP REQUEST GET https://cloudfunctions.googleapis.com/v1/operations/YXBwc2FuZXAtZGM5ZTkvdXMtY2VudHJhbDEvc2VuZFdlbGNvbWVFbWFpbC94Y3VKSHpJZzZySQ  
 
[debug] [2019-11-03T13:55:49.207Z] <<< HTTP RESPONSE 200
[debug] [2019-11-03T13:55:51.211Z] >>> HTTP REQUEST GET https://cloudfunctions.googleapis.com/v1/operations/YXBwc2FuZXAtZGM5ZTkvdXMtY2VudHJhbDEvc2VuZFdlbGNvbWVFbWFpbC94Y3VKSHpJZzZySQ  
 
[debug] [2019-11-03T13:55:52.338Z] <<< HTTP RESPONSE 200
[debug] [2019-11-03T13:55:54.339Z] >>> HTTP REQUEST GET https://cloudfunctions.googleapis.com/v1/operations/YXBwc2FuZXAtZGM5ZTkvdXMtY2VudHJhbDEvc2VuZFdlbGNvbWVFbWFpbC94Y3VKSHpJZzZySQ  
 
[debug] [2019-11-03T13:55:55.463Z] <<< HTTP RESPONSE 200
[debug] [2019-11-03T13:55:57.463Z] >>> HTTP REQUEST GET https://cloudfunctions.googleapis.com/v1/operations/YXBwc2FuZXAtZGM5ZTkvdXMtY2VudHJhbDEvc2VuZFdlbGNvbWVFbWFpbC94Y3VKSHpJZzZySQ  
 
[debug] [2019-11-03T13:55:58.613Z] <<< HTTP RESPONSE 200
[debug] [2019-11-03T13:56:00.616Z] >>> HTTP REQUEST GET https://cloudfunctions.googleapis.com/v1/operations/YXBwc2FuZXAtZGM5ZTkvdXMtY2VudHJhbDEvc2VuZFdlbGNvbWVFbWFpbC94Y3VKSHpJZzZySQ  
 
[debug] [2019-11-03T13:56:01.786Z] <<< HTTP RESPONSE 200
[debug] [2019-11-03T13:56:03.788Z] >>> HTTP REQUEST GET https://cloudfunctions.googleapis.com/v1/operations/YXBwc2FuZXAtZGM5ZTkvdXMtY2VudHJhbDEvc2VuZFdlbGNvbWVFbWFpbC94Y3VKSHpJZzZySQ  
 
[debug] [2019-11-03T13:56:04.947Z] <<< HTTP RESPONSE 200
[debug] [2019-11-03T13:56:06.949Z] >>> HTTP REQUEST GET https://cloudfunctions.googleapis.com/v1/operations/YXBwc2FuZXAtZGM5ZTkvdXMtY2VudHJhbDEvc2VuZFdlbGNvbWVFbWFpbC94Y3VKSHpJZzZySQ  
 
[debug] [2019-11-03T13:56:08.124Z] <<< HTTP RESPONSE 200
[debug] [2019-11-03T13:56:10.128Z] >>> HTTP REQUEST GET https://cloudfunctions.googleapis.com/v1/operations/YXBwc2FuZXAtZGM5ZTkvdXMtY2VudHJhbDEvc2VuZFdlbGNvbWVFbWFpbC94Y3VKSHpJZzZySQ  
 
[debug] [2019-11-03T13:56:11.282Z] <<< HTTP RESPONSE 200
[debug] [2019-11-03T13:56:13.287Z] >>> HTTP REQUEST GET https://cloudfunctions.googleapis.com/v1/operations/YXBwc2FuZXAtZGM5ZTkvdXMtY2VudHJhbDEvc2VuZFdlbGNvbWVFbWFpbC94Y3VKSHpJZzZySQ  
 
[debug] [2019-11-03T13:56:14.428Z] <<< HTTP RESPONSE 200
[debug] [2019-11-03T13:56:16.432Z] >>> HTTP REQUEST GET https://cloudfunctions.googleapis.com/v1/operations/YXBwc2FuZXAtZGM5ZTkvdXMtY2VudHJhbDEvc2VuZFdlbGNvbWVFbWFpbC94Y3VKSHpJZzZySQ  
 
[debug] [2019-11-03T13:56:18.161Z] <<< HTTP RESPONSE 200
[debug] [2019-11-03T13:56:20.164Z] >>> HTTP REQUEST GET https://cloudfunctions.googleapis.com/v1/operations/YXBwc2FuZXAtZGM5ZTkvdXMtY2VudHJhbDEvc2VuZFdlbGNvbWVFbWFpbC94Y3VKSHpJZzZySQ  
 
[debug] [2019-11-03T13:56:21.351Z] <<< HTTP RESPONSE 200
[debug] [2019-11-03T13:56:23.354Z] >>> HTTP REQUEST GET https://cloudfunctions.googleapis.com/v1/operations/YXBwc2FuZXAtZGM5ZTkvdXMtY2VudHJhbDEvc2VuZFdlbGNvbWVFbWFpbC94Y3VKSHpJZzZySQ  
 
[debug] [2019-11-03T13:56:24.491Z] <<< HTTP RESPONSE 200
[debug] [2019-11-03T13:56:26.495Z] >>> HTTP REQUEST GET https://cloudfunctions.googleapis.com/v1/operations/YXBwc2FuZXAtZGM5ZTkvdXMtY2VudHJhbDEvc2VuZFdlbGNvbWVFbWFpbC94Y3VKSHpJZzZySQ  
 
[debug] [2019-11-03T13:56:26.805Z] <<< HTTP RESPONSE 200
[debug] [2019-11-03T13:56:28.807Z] >>> HTTP REQUEST GET https://cloudfunctions.googleapis.com/v1/operations/YXBwc2FuZXAtZGM5ZTkvdXMtY2VudHJhbDEvc2VuZFdlbGNvbWVFbWFpbC94Y3VKSHpJZzZySQ  
 
[debug] [2019-11-03T13:56:29.946Z] <<< HTTP RESPONSE 200
[debug] [2019-11-03T13:56:31.951Z] >>> HTTP REQUEST GET https://cloudfunctions.googleapis.com/v1/operations/YXBwc2FuZXAtZGM5ZTkvdXMtY2VudHJhbDEvc2VuZFdlbGNvbWVFbWFpbC94Y3VKSHpJZzZySQ  
 
[debug] [2019-11-03T13:56:32.214Z] <<< HTTP RESPONSE 200
[debug] [2019-11-03T13:56:34.219Z] >>> HTTP REQUEST GET https://cloudfunctions.googleapis.com/v1/operations/YXBwc2FuZXAtZGM5ZTkvdXMtY2VudHJhbDEvc2VuZFdlbGNvbWVFbWFpbC94Y3VKSHpJZzZySQ  
 
[debug] [2019-11-03T13:56:35.379Z] <<< HTTP RESPONSE 200
[debug] [2019-11-03T13:56:37.383Z] >>> HTTP REQUEST GET https://cloudfunctions.googleapis.com/v1/operations/YXBwc2FuZXAtZGM5ZTkvdXMtY2VudHJhbDEvc2VuZFdlbGNvbWVFbWFpbC94Y3VKSHpJZzZySQ  
 
[debug] [2019-11-03T13:56:38.552Z] <<< HTTP RESPONSE 200
[debug] [2019-11-03T13:56:40.559Z] >>> HTTP REQUEST GET https://cloudfunctions.googleapis.com/v1/operations/YXBwc2FuZXAtZGM5ZTkvdXMtY2VudHJhbDEvc2VuZFdlbGNvbWVFbWFpbC94Y3VKSHpJZzZySQ  
 
[debug] [2019-11-03T13:56:40.823Z] <<< HTTP RESPONSE 200
[debug] [2019-11-03T13:56:42.826Z] >>> HTTP REQUEST GET https://cloudfunctions.googleapis.com/v1/operations/YXBwc2FuZXAtZGM5ZTkvdXMtY2VudHJhbDEvc2VuZFdlbGNvbWVFbWFpbC94Y3VKSHpJZzZySQ  
 
[debug] [2019-11-03T13:56:44.027Z] <<< HTTP RESPONSE 200
[debug] [2019-11-03T13:56:46.029Z] >>> HTTP REQUEST GET https://cloudfunctions.googleapis.com/v1/operations/YXBwc2FuZXAtZGM5ZTkvdXMtY2VudHJhbDEvc2VuZFdlbGNvbWVFbWFpbC94Y3VKSHpJZzZySQ  
 
[debug] [2019-11-03T13:56:47.188Z] <<< HTTP RESPONSE 200
[debug] [2019-11-03T13:56:49.189Z] >>> HTTP REQUEST GET https://cloudfunctions.googleapis.com/v1/operations/YXBwc2FuZXAtZGM5ZTkvdXMtY2VudHJhbDEvc2VuZFdlbGNvbWVFbWFpbC94Y3VKSHpJZzZySQ  
 
[debug] [2019-11-03T13:56:50.361Z] <<< HTTP RESPONSE 200
[debug] [2019-11-03T13:56:52.363Z] >>> HTTP REQUEST GET https://cloudfunctions.googleapis.com/v1/operations/YXBwc2FuZXAtZGM5ZTkvdXMtY2VudHJhbDEvc2VuZFdlbGNvbWVFbWFpbC94Y3VKSHpJZzZySQ  
 
[debug] [2019-11-03T13:56:53.486Z] <<< HTTP RESPONSE 200
[debug] [2019-11-03T13:56:55.491Z] >>> HTTP REQUEST GET https://cloudfunctions.googleapis.com/v1/operations/YXBwc2FuZXAtZGM5ZTkvdXMtY2VudHJhbDEvc2VuZFdlbGNvbWVFbWFpbC94Y3VKSHpJZzZySQ  
 
[debug] [2019-11-03T13:56:56.724Z] <<< HTTP RESPONSE 200
[debug] [2019-11-03T13:56:58.729Z] >>> HTTP REQUEST GET https://cloudfunctions.googleapis.com/v1/operations/YXBwc2FuZXAtZGM5ZTkvdXMtY2VudHJhbDEvc2VuZFdlbGNvbWVFbWFpbC94Y3VKSHpJZzZySQ  
 
[debug] [2019-11-03T13:56:59.865Z] <<< HTTP RESPONSE 200
[debug] [2019-11-03T13:57:01.866Z] >>> HTTP REQUEST GET https://cloudfunctions.googleapis.com/v1/operations/YXBwc2FuZXAtZGM5ZTkvdXMtY2VudHJhbDEvc2VuZFdlbGNvbWVFbWFpbC94Y3VKSHpJZzZySQ  
 
[debug] [2019-11-03T13:57:03.003Z] <<< HTTP RESPONSE 200
[debug] [2019-11-03T13:57:05.004Z] >>> HTTP REQUEST GET https://cloudfunctions.googleapis.com/v1/operations/YXBwc2FuZXAtZGM5ZTkvdXMtY2VudHJhbDEvc2VuZFdlbGNvbWVFbWFpbC94Y3VKSHpJZzZySQ  
 
[debug] [2019-11-03T13:57:05.273Z] <<< HTTP RESPONSE 200
[debug] [2019-11-03T13:57:07.276Z] >>> HTTP REQUEST GET https://cloudfunctions.googleapis.com/v1/operations/YXBwc2FuZXAtZGM5ZTkvdXMtY2VudHJhbDEvc2VuZFdlbGNvbWVFbWFpbC94Y3VKSHpJZzZySQ  
 
[debug] [2019-11-03T13:57:08.555Z] <<< HTTP RESPONSE 200
[debug] [2019-11-03T13:57:10.557Z] >>> HTTP REQUEST GET https://cloudfunctions.googleapis.com/v1/operations/YXBwc2FuZXAtZGM5ZTkvdXMtY2VudHJhbDEvc2VuZFdlbGNvbWVFbWFpbC94Y3VKSHpJZzZySQ  
 
[debug] [2019-11-03T13:57:11.709Z] <<< HTTP RESPONSE 200
[debug] [2019-11-03T13:57:13.710Z] >>> HTTP REQUEST GET https://cloudfunctions.googleapis.com/v1/operations/YXBwc2FuZXAtZGM5ZTkvdXMtY2VudHJhbDEvc2VuZFdlbGNvbWVFbWFpbC94Y3VKSHpJZzZySQ  
 
[debug] [2019-11-03T13:57:14.863Z] <<< HTTP RESPONSE 200
[debug] [2019-11-03T13:57:16.868Z] >>> HTTP REQUEST GET https://cloudfunctions.googleapis.com/v1/operations/YXBwc2FuZXAtZGM5ZTkvdXMtY2VudHJhbDEvc2VuZFdlbGNvbWVFbWFpbC94Y3VKSHpJZzZySQ  
 
[debug] [2019-11-03T13:57:18.036Z] <<< HTTP RESPONSE 200
[debug] [2019-11-03T13:57:20.036Z] >>> HTTP REQUEST GET https://cloudfunctions.googleapis.com/v1/operations/YXBwc2FuZXAtZGM5ZTkvdXMtY2VudHJhbDEvc2VuZFdlbGNvbWVFbWFpbC94Y3VKSHpJZzZySQ  
 
[debug] [2019-11-03T13:57:21.186Z] <<< HTTP RESPONSE 200
[debug] [2019-11-03T13:57:23.191Z] >>> HTTP REQUEST GET https://cloudfunctions.googleapis.com/v1/operations/YXBwc2FuZXAtZGM5ZTkvdXMtY2VudHJhbDEvc2VuZFdlbGNvbWVFbWFpbC94Y3VKSHpJZzZySQ  
 
[debug] [2019-11-03T13:57:24.335Z] <<< HTTP RESPONSE 200
[debug] [2019-11-03T13:57:26.340Z] >>> HTTP REQUEST GET https://cloudfunctions.googleapis.com/v1/operations/YXBwc2FuZXAtZGM5ZTkvdXMtY2VudHJhbDEvc2VuZFdlbGNvbWVFbWFpbC94Y3VKSHpJZzZySQ  
 
[debug] [2019-11-03T13:57:27.479Z] <<< HTTP RESPONSE 200
[debug] [2019-11-03T13:57:29.482Z] >>> HTTP REQUEST GET https://cloudfunctions.googleapis.com/v1/operations/YXBwc2FuZXAtZGM5ZTkvdXMtY2VudHJhbDEvc2VuZFdlbGNvbWVFbWFpbC94Y3VKSHpJZzZySQ  
 
[debug] [2019-11-03T13:57:29.751Z] <<< HTTP RESPONSE 200
[debug] [2019-11-03T13:57:31.752Z] >>> HTTP REQUEST GET https://cloudfunctions.googleapis.com/v1/operations/YXBwc2FuZXAtZGM5ZTkvdXMtY2VudHJhbDEvc2VuZFdlbGNvbWVFbWFpbC94Y3VKSHpJZzZySQ  
 
[debug] [2019-11-03T13:57:32.908Z] <<< HTTP RESPONSE 200
[debug] [2019-11-03T13:57:34.909Z] >>> HTTP REQUEST GET https://cloudfunctions.googleapis.com/v1/operations/YXBwc2FuZXAtZGM5ZTkvdXMtY2VudHJhbDEvc2VuZFdlbGNvbWVFbWFpbC94Y3VKSHpJZzZySQ  
 
[debug] [2019-11-03T13:57:36.019Z] <<< HTTP RESPONSE 200
[debug] [2019-11-03T13:57:38.024Z] >>> HTTP REQUEST GET https://cloudfunctions.googleapis.com/v1/operations/YXBwc2FuZXAtZGM5ZTkvdXMtY2VudHJhbDEvc2VuZFdlbGNvbWVFbWFpbC94Y3VKSHpJZzZySQ  
 
[debug] [2019-11-03T13:57:39.190Z] <<< HTTP RESPONSE 200
[debug] [2019-11-03T13:57:41.193Z] >>> HTTP REQUEST GET https://cloudfunctions.googleapis.com/v1/operations/YXBwc2FuZXAtZGM5ZTkvdXMtY2VudHJhbDEvc2VuZFdlbGNvbWVFbWFpbC94Y3VKSHpJZzZySQ  
 
[debug] [2019-11-03T13:57:42.332Z] <<< HTTP RESPONSE 200
[debug] [2019-11-03T13:57:44.335Z] >>> HTTP REQUEST GET https://cloudfunctions.googleapis.com/v1/operations/YXBwc2FuZXAtZGM5ZTkvdXMtY2VudHJhbDEvc2VuZFdlbGNvbWVFbWFpbC94Y3VKSHpJZzZySQ  
 
[debug] [2019-11-03T13:57:45.467Z] <<< HTTP RESPONSE 200
[debug] [2019-11-03T13:57:47.468Z] >>> HTTP REQUEST GET https://cloudfunctions.googleapis.com/v1/operations/YXBwc2FuZXAtZGM5ZTkvdXMtY2VudHJhbDEvc2VuZFdlbGNvbWVFbWFpbC94Y3VKSHpJZzZySQ  
 
[debug] [2019-11-03T13:57:48.601Z] <<< HTTP RESPONSE 200
[debug] [2019-11-03T13:57:50.604Z] >>> HTTP REQUEST GET https://cloudfunctions.googleapis.com/v1/operations/YXBwc2FuZXAtZGM5ZTkvdXMtY2VudHJhbDEvc2VuZFdlbGNvbWVFbWFpbC94Y3VKSHpJZzZySQ  
 
[debug] [2019-11-03T13:57:51.746Z] <<< HTTP RESPONSE 200
[debug] [2019-11-03T13:57:53.747Z] >>> HTTP REQUEST GET https://cloudfunctions.googleapis.com/v1/operations/YXBwc2FuZXAtZGM5ZTkvdXMtY2VudHJhbDEvc2VuZFdlbGNvbWVFbWFpbC94Y3VKSHpJZzZySQ  
 
[debug] [2019-11-03T13:57:54.884Z] <<< HTTP RESPONSE 200
[debug] [2019-11-03T13:57:56.891Z] >>> HTTP REQUEST GET https://cloudfunctions.googleapis.com/v1/operations/YXBwc2FuZXAtZGM5ZTkvdXMtY2VudHJhbDEvc2VuZFdlbGNvbWVFbWFpbC94Y3VKSHpJZzZySQ  
 
[debug] [2019-11-03T13:57:58.057Z] <<< HTTP RESPONSE 200
[debug] [2019-11-03T13:58:00.058Z] >>> HTTP REQUEST GET https://cloudfunctions.googleapis.com/v1/operations/YXBwc2FuZXAtZGM5ZTkvdXMtY2VudHJhbDEvc2VuZFdlbGNvbWVFbWFpbC94Y3VKSHpJZzZySQ  
 
[debug] [2019-11-03T13:58:01.257Z] <<< HTTP RESPONSE 200
[debug] [2019-11-03T13:58:03.260Z] >>> HTTP REQUEST GET https://cloudfunctions.googleapis.com/v1/operations/YXBwc2FuZXAtZGM5ZTkvdXMtY2VudHJhbDEvc2VuZFdlbGNvbWVFbWFpbC94Y3VKSHpJZzZySQ  
 
[debug] [2019-11-03T13:58:04.408Z] <<< HTTP RESPONSE 200
[debug] [2019-11-03T13:58:06.409Z] >>> HTTP REQUEST GET https://cloudfunctions.googleapis.com/v1/operations/YXBwc2FuZXAtZGM5ZTkvdXMtY2VudHJhbDEvc2VuZFdlbGNvbWVFbWFpbC94Y3VKSHpJZzZySQ  
 
[debug] [2019-11-03T13:58:07.549Z] <<< HTTP RESPONSE 200
[debug] [2019-11-03T13:58:09.549Z] >>> HTTP REQUEST GET https://cloudfunctions.googleapis.com/v1/operations/YXBwc2FuZXAtZGM5ZTkvdXMtY2VudHJhbDEvc2VuZFdlbGNvbWVFbWFpbC94Y3VKSHpJZzZySQ  
 
[debug] [2019-11-03T13:58:10.702Z] <<< HTTP RESPONSE 200
[debug] [2019-11-03T13:58:12.703Z] >>> HTTP REQUEST GET https://cloudfunctions.googleapis.com/v1/operations/YXBwc2FuZXAtZGM5ZTkvdXMtY2VudHJhbDEvc2VuZFdlbGNvbWVFbWFpbC94Y3VKSHpJZzZySQ  
 
[debug] [2019-11-03T13:58:13.872Z] <<< HTTP RESPONSE 200
[debug] [2019-11-03T13:58:15.874Z] >>> HTTP REQUEST GET https://cloudfunctions.googleapis.com/v1/operations/YXBwc2FuZXAtZGM5ZTkvdXMtY2VudHJhbDEvc2VuZFdlbGNvbWVFbWFpbC94Y3VKSHpJZzZySQ  
 
[debug] [2019-11-03T13:58:17.108Z] <<< HTTP RESPONSE 200
[debug] [2019-11-03T13:58:19.109Z] >>> HTTP REQUEST GET https://cloudfunctions.googleapis.com/v1/operations/YXBwc2FuZXAtZGM5ZTkvdXMtY2VudHJhbDEvc2VuZFdlbGNvbWVFbWFpbC94Y3VKSHpJZzZySQ  
 
[debug] [2019-11-03T13:58:20.245Z] <<< HTTP RESPONSE 200
[debug] [2019-11-03T13:58:22.250Z] >>> HTTP REQUEST GET https://cloudfunctions.googleapis.com/v1/operations/YXBwc2FuZXAtZGM5ZTkvdXMtY2VudHJhbDEvc2VuZFdlbGNvbWVFbWFpbC94Y3VKSHpJZzZySQ  
 
[debug] [2019-11-03T13:58:23.475Z] <<< HTTP RESPONSE 200
[debug] [2019-11-03T13:58:25.480Z] >>> HTTP REQUEST GET https://cloudfunctions.googleapis.com/v1/operations/YXBwc2FuZXAtZGM5ZTkvdXMtY2VudHJhbDEvc2VuZFdlbGNvbWVFbWFpbC94Y3VKSHpJZzZySQ  
 
[debug] [2019-11-03T13:58:26.638Z] <<< HTTP RESPONSE 200
[debug] [2019-11-03T13:58:28.640Z] >>> HTTP REQUEST GET https://cloudfunctions.googleapis.com/v1/operations/YXBwc2FuZXAtZGM5ZTkvdXMtY2VudHJhbDEvc2VuZFdlbGNvbWVFbWFpbC94Y3VKSHpJZzZySQ  
 
